<?xml version="1.0" encoding="UTF-8"?>
<testng-results ignored="0" total="1" passed="1" failed="0" skipped="0">
  <reporter-output>
  </reporter-output>
  <suite started-at="2024-03-20T20:33:41 IST" name="Default suite" finished-at="2024-03-20T20:34:49 IST" duration-ms="68257">
    <groups>
    </groups>
    <test started-at="2024-03-20T20:33:41 IST" name="Default test" finished-at="2024-03-20T20:34:49 IST" duration-ms="68257">
      <class name="testng.amazonmobilecart">
        <test-method is-config="true" signature="setup()[pri:0, instance:testng.amazonmobilecart@121314f7]" started-at="2024-03-20T20:33:41 IST" name="setup" finished-at="2024-03-20T20:34:05 IST" duration-ms="24581" status="PASS">
          <reporter-output>
          </reporter-output>
        </test-method> <!-- setup -->
        <test-method signature="mobile()[pri:0, instance:testng.amazonmobilecart@121314f7]" started-at="2024-03-20T20:34:05 IST" name="mobile" finished-at="2024-03-20T20:34:49 IST" duration-ms="43591" status="PASS">
          <reporter-output>
          </reporter-output>
        </test-method> <!-- mobile -->
      </class> <!-- testng.amazonmobilecart -->
    </test> <!-- Default test -->
  </suite> <!-- Default suite -->
</testng-results>
